Started by user [8mha:////4O5w+OaAptdi7odsaoFP8wcP+nT6NA/Vmg4juysBMOCzAAAAmB+LCAAAAAAAAP9b85aBtbiIQTGjNKU4P08vOT+vOD8nVc83PyU1x6OyILUoJzMv2y+/JJUBAhiZGBgqihhk0NSjKDWzXb3RdlLBUSYGJk8GtpzUvPSSDB8G5tKinBIGIZ+sxLJE/ZzEvHT94JKizLx0a6BxUmjGOUNodHsLgAzuEgYe/dLi1CL9suzS3MQiAO9jbcXBAAAA[0mVinay Kumar
Checking out git https://github.com/The-Frontdoor-Collective/fdc-authentication-service.git into /var/jenkins_home/workspace/fdc-authentication-service@script to read Jenkinsfile
The recommended git tool is: NONE
using credential vinay-github
 > git rev-parse --resolve-git-dir /var/jenkins_home/workspace/fdc-authentication-service@script/.git # timeout=10
Fetching changes from the remote Git repository
 > git config remote.origin.url https://github.com/The-Frontdoor-Collective/fdc-authentication-service.git # timeout=10
Fetching upstream changes from https://github.com/The-Frontdoor-Collective/fdc-authentication-service.git
 > git --version # timeout=10
 > git --version # 'git version 2.30.2'
using GIT_ASKPASS to set credentials vinay-github
 > git fetch --tags --force --progress -- https://github.com/The-Frontdoor-Collective/fdc-authentication-service.git +refs/heads/*:refs/remotes/origin/* # timeout=10
 > git rev-parse refs/remotes/origin/release/2022.08.26^{commit} # timeout=10
Checking out Revision 544cff340673ec1ec348d30f4fd1cfd5d940fe76 (refs/remotes/origin/release/2022.08.26)
 > git config core.sparsecheckout # timeout=10
 > git checkout -f 544cff340673ec1ec348d30f4fd1cfd5d940fe76 # timeout=10
Commit message: "Merge pull request #26 from The-Frontdoor-Collective/develop"
 > git rev-list --no-walk efa0ceda607943f49088281d58807a84a1b77378 # timeout=10
[8mha:////4MBQw3doW90qfvbHslla4DbBrobCx+f+NgWzjfpBt2UJAAAAoh+LCAAAAAAAAP9tjTEOwjAQBM8BClpKHuFItIiK1krDC0x8GCfWnbEdkooX8TX+gCESFVvtrLSa5wtWKcKBo5UdUu8otU4GP9jS5Mixv3geZcdn2TIl9igbHBs2eJyx4YwwR1SwULBGaj0nRzbDRnX6rmuvydanHMu2V1A5c4MHCFXMWcf8hSnC9jqYxPTz/BXAFEIGsfuclm8zQVqFvQAAAA==[0m[Pipeline] Start of Pipeline
[8mha:////4Aylt9QAnZ1G/gHXbYcv1XVtg0dFQVMHR8J0jPG/eP/4AAAApR+LCAAAAAAAAP9tjTEOwjAUQ3+KOrAycohUghExsUZZOEFIQkgb/d8mKe3EibgadyBQiQlLlmxL1nu+oE4RjhQdby12HpP2vA+jK4lPFLtroIm3dOGaMFGwXNpJkrGnpUrKFhaxClYC1hZ1oOTRZdiIVt1VExS65pxj2Q4CKm8GeAAThZxVzN8yR9jeRpMIf5y/AJj7DGxXvP/86jduZBmjwAAAAA==[0m[Pipeline] node
Running on [8mha:////4NxaZ8xuNfbdnpvdSMQDoBX57gmoYgcBX0YMVEZ5I6k7AAAAnh+LCAAAAAAAAP9b85aBtbiIQTGjNKU4P08vOT+vOD8nVc83PyU1x6OyILUoJzMv2y+/JJUBAhiZGBgqihhk0NSjKDWzXb3RdlLBUSYGJk8GtpzUvPSSDB8G5tKinBIGIZ+sxLJE/ZzEvHT94JKizLx0a6BxUmjGOUNodHsLgAz2EgZh/eT83ILSktQifY3cxGIgrakPAHib2iPIAAAA[0mJenkins in /var/jenkins_home/workspace/fdc-authentication-service
[8mha:////4BUfElIsTMZ7njuz/JX7kRli+S77NQKCCEt3B3YYV3Y7AAAApR+LCAAAAAAAAP9tjTEOwjAUQ3+KOrAycoh0gA0xsUZZOEFIQkgb/d8mKe3EibgadyBQiQlLlmxL1nu+oE4RjhQdby12HpP2vA+jK4lPFLtroIm3dOGaMFGwXNpJkrGnpUrKFhaxClYC1hZ1oOTRZdiIVt1VExS65pxj2Q4CKm8GeAAThZxVzN8yR9jeRpMIf5y/AJj7DGxXvP/86jfoP95RwAAAAA==[0m[Pipeline] {
[8mha:////4B6eT3xhizraXG0q0tEZGyGCikpyR7/Bf47zhB1hq2T5AAAApR+LCAAAAAAAAP9tjTEOwjAUQ3+KOrAycoh0gQkxsUZZOEFIQkgb/d8mKe3EibgadyBQiQlLlmxL1nu+oE4RjhQdby12HpP2vA+jK4lPFLtroIm3dOGaMFGwXNpJkrGnpUrKFhaxClYC1hZ1oOTRZdiIVt1VExS65pxj2Q4CKm8GeAAThZxVzN8yR9jeRpMIf5y/AJj7DGxXvP/86jc09154wAAAAA==[0m[Pipeline] stage
[8mha:////4DT0YEHfI2hy7cAdNPW+LD8XTPatUAaZ6yKgmdcgK5W3AAAApR+LCAAAAAAAAP9tjTEOwjAUQ3+KOrAycoh0ggUxsUZZOEFIQkgb/d8mKe3EibgadyBQiQlLlmxL1nu+oE4RjhQdby12HpP2vA+jK4lPFLtroIm3dOGaMFGwXNpJkrGnpUrKFhaxClYC1hZ1oOTRZdiIVt1VExS65pxj2Q4CKm8GeAAThZxVzN8yR9jeRpMIf5y/AJj7DGxXvP/86jek7ggRwAAAAA==[0m[Pipeline] { (Declarative: Checkout SCM)
[8mha:////4Fy70PaG3e7CEjVVZZzRUrQBBSc1F0sQoWAk1Zsgo0KKAAAAoh+LCAAAAAAAAP9tjTEOAiEURD9rLGwtPQTbaWGsbAmNJ0AWEZb8zwLrbuWJvJp3kLiJlZNMMm+a93rDOic4UbLcG+wdZu14DKOti0+U+lugiXu6ck2YKRguzSSpM+cFJRUDS1gDKwEbgzpQdmgLbIVXD9UGhba9lFS/o4DGdQM8gYlqLiqVL8wJdvexy4Q/z18BzLEA29ce4gfg7KmOvAAAAA==[0m[Pipeline] checkout
The recommended git tool is: NONE
using credential vinay-github
 > git rev-parse --resolve-git-dir /var/jenkins_home/workspace/fdc-authentication-service/.git # timeout=10
Fetching changes from the remote Git repository
 > git config remote.origin.url https://github.com/The-Frontdoor-Collective/fdc-authentication-service.git # timeout=10
Fetching upstream changes from https://github.com/The-Frontdoor-Collective/fdc-authentication-service.git
 > git --version # timeout=10
 > git --version # 'git version 2.30.2'
using GIT_ASKPASS to set credentials vinay-github
 > git fetch --tags --force --progress -- https://github.com/The-Frontdoor-Collective/fdc-authentication-service.git +refs/heads/*:refs/remotes/origin/* # timeout=10
 > git rev-parse refs/remotes/origin/release/2022.08.26^{commit} # timeout=10
Checking out Revision 544cff340673ec1ec348d30f4fd1cfd5d940fe76 (refs/remotes/origin/release/2022.08.26)
 > git config core.sparsecheckout # timeout=10
 > git checkout -f 544cff340673ec1ec348d30f4fd1cfd5d940fe76 # timeout=10
Commit message: "Merge pull request #26 from The-Frontdoor-Collective/develop"
[8mha:////4Dw9azVoXKTnukn2bBndxUhwPHbIu1wdXYL8N4k9umHLAAAAoh+LCAAAAAAAAP9tjTEOAiEURD9rLGwtPQTbGRNjZUtoPAGyiLDkfxZYdytP5NW8g8RNrJxkknnTvNcb1jnBiZLl3mDvMGvHYxhtXXyi1N8CTdzTlWvCTMFwaSZJnTkvKKkYWMIaWAnYGNSBskNbYCu8eqg2KLTtpaT6HQU0rhvgCUxUc1GpfGFOsLuPXSb8ef4KYI6xADvU7j9Dg2gqvAAAAA==[0m[Pipeline] }
[8mha:////4MhIxQ6dpgUuBZl7CbdahCbZy9WCUx83lo+citT6fckHAAAAoh+LCAAAAAAAAP9tjTEOAiEURD9rLGwtPQRbWRhjZUtoPAGyiLDkfxZYdytP5NW8g8RNrJxkknnTvNcb1jnBiZLl3mDvMGvHYxhtXXyi1N8CTdzTlWvCTMFwaSZJnTkvKKkYWMIaWAnYGNSBskNbYCu8eqg2KLTtpaT6HQU0rhvgCUxUc1GpfGFOsLuPXSb8ef4KYI6xADvU7j9J+wGOvAAAAA==[0m[Pipeline] // stage
[8mha:////4L3Ru8QNkxX6WeWMJFrEzv0y0RmRyQhmDMHblBg9FU07AAAAph+LCAAAAAAAAP9tjTEOwjAQBM9BKWgpeYQDEh2iorXc8AITG+PEugv2haTiRXyNPxCIRMVWOyut5vmCMic4UPKycdgGzHWQXez91ORAqb1EGmRDZ1kTZopOajdosu44oyZ2MEcUsFCwdFhHygE9w0o15m6qaNBXJ07TtldQBHuDBwg1mdkk/sKYYH3tbSb8ef4KYOwYxI6h2G4+x/INtuQqUcEAAAA=[0m[Pipeline] withEnv
[8mha:////4MJQphsUSdnsuV0v8L96FpMPuo7+DLFXpYI0KnQ7kkz1AAAApR+LCAAAAAAAAP9tjTEOwjAUQ3+DOrAycoiUzoiJNerCCUITQtLo/zZJSSdOxNW4Ay2VmPBg2Zas93pDGQOcKBjuNHYWY2t570czJ54pdDdPmTu68pYwkte80bkhpc9rbShpWFUw2AjYamw9RYsmwU44+ZCVl2iqSwrzdhTArBrgCYWYyUmG9C1TgP19VJHwx/kLgKlPwOrDYvXyLD8BobDcwgAAAA==[0m[Pipeline] {
[8mha:////4AxaIleFGkCYw61T3bu1XsH9a0ZgkgPCbM7A7x9JpcFkAAAAph+LCAAAAAAAAP9tjTEOwjAUQ3+LOrAycohUZUVMrFEWThCaEJJG/7dJSjpxIq7GHWipxIQHy7ZkvdcbqhjgRMEwp7GzGFvLej+aObFMobt5yszRlbWEkbxmQmdBSp/XKihpWFWUsOGw1dh6ihZNgh138iFrL9HUlxTm7cihtGqAJxR8JicZ0rdMAfb3UUXCH+cvAKY+Qdk0ix2WZ/UBbwyqm8IAAAA=[0m[Pipeline] withEnv
[8mha:////4OpdMl6c6ucXrveQo2+XOVC9k/TYGHIAr+rwJ8CCahuwAAAAph+LCAAAAAAAAP9tjTEOwjAUQ3+LOrAycohUwIiYukZZOEFoQkgb/V9+UtqJE3E17kBLJSY8WLYl673eUESGE7ETjcXWY6y96ELvpiQG4vYaaBANXURNGClYoeygyNhqqYqShUVZDisJa4t1oOjRJdjIRj90GTS68px42o4Scm/u8IRMTuSkOX3LyLC99SYS/jh/ATB2CfLdfrbD/Cw+y7kUycIAAAA=[0m[Pipeline] {
[8mha:////4ByIOQF247QQx5kDMkm5L406x3fVGjoFyqljYJ0KHt2mAAAApx+LCAAAAAAAAP9tjTEOwjAUQ3+LOrAycohUCDbE1DXKwglCE0La6P/yk9JOnIircQdaKjHhwbItWe/1hiIynIidaCy2HmPtRRd6NyUxELfXQINo6CJqwkjBCmUHRcZWS1WULCzKclhJWFusA0WPLsFGNvqhy6DRlefE03aUkHtzhydkciInzelbRobtrTeR8Mf5C4CxS5Dv9rMd5mfxAbNWnxXCAAAA[0m[Pipeline] stage
[8mha:////4HXIlqLLjFs2ItMRxkiPqBmUa7dOR2JysT2jPq8KKnTAAAAApx+LCAAAAAAAAP9tjTEOwjAUQ3+LOrAycohUSDAhpq5RFk4QmhDSRv+Xn5R24kRcjTvQUokJD5ZtyXqvNxSR4UTsRGOx9RhrL7rQuymJgbi9BhpEQxdRE0YKVig7KDK2WqqiZGFRlsNKwtpiHSh6dAk2stEPXQaNrjwnnrajhNybOzwhkxM5aU7fMjJsb72JhD/OXwCMXYJ8t5/tMD+LD5WQ+PfCAAAA[0m[Pipeline] { (Build Jar Artifacts)
[8mha:////4Cc61b90dCVa6WjfUfvcMVQhiAB6C5eKkewrK2oypoS7AAAApx+LCAAAAAAAAP9tjTEOwjAUQ3+LOrAycohUDLAgpq5RFk4QmhDSRv+Xn5R24kRcjTvQUokJD5ZtyXqvNxSR4UTsRGOx9RhrL7rQuymJgbi9BhpEQxdRE0YKVig7KDK2WqqiZGFRlsNKwtpiHSh6dAk2stEPXQaNrjwnnrajhNybOzwhkxM5aU7fMjJsb72JhD/OXwCMXYJ8t5/tMD+LD/s94rDCAAAA[0m[Pipeline] withMaven
[withMaven] Options: []
[withMaven] Available options: 
[withMaven] using JDK installation provided by the build agent
$ /bin/sh -c "which mvn"
[withMaven] using Maven installation provided by the build agent with executable /usr/bin/mvn
[8mha:////4D4GTEQqt8cNSoSi3xbB0HHb6ALzorRPgzRPAAETwekhAAAApx+LCAAAAAAAAP9tjTEOwjAUQ3+LOrAycohULDAgpq5RFk4QmhDSRv+Xn5R24kRcjTvQUokJD5ZtyXqvNxSR4UTsRGOx9RhrL7rQuymJgbi9BhpEQxdRE0YKVig7KDK2WqqiZGFRlsNKwtpiHSh6dAk2stEPXQaNrjwnnrajhNybOzwhkxM5aU7fMjJsb72JhD/OXwCMXYJ8t5/tMD+LD1+IXOLCAAAA[0m[Pipeline] {
[8mha:////4FfkVICDKjGF1Y4Gdd8vE9HLHogX6yf5qoRKnPlifLGQAAAApB+LCAAAAAAAAP9tjTEOwjAQBC9BFLSUPOIiKpAQVVrLDS8wsTFOrDtjOyQVL+Jr/IFAJCq2WO1sM88XLFOEI0eLraHOUWocBt/baeHAsbt4HrDlMzZMib1BaQbJ2tQzSs4G5hQlLASsDDWekyObYS1adVeVV2SrU47TdxBQOn2DBxRiMmcV8xfGCJtrrxPTz/NXAGPIUG53n9qHNxXfVKy+AAAA[0m[Pipeline] sh
+ mvn install
----- withMaven Wrapper script -----
Picked up JAVA_TOOL_OPTIONS: -Dmaven.ext.class.path="/var/jenkins_home/workspace/fdc-authentication-service@tmp/withMaven50fce9b5/pipeline-maven-spy.jar" -Dorg.jenkinsci.plugins.pipeline.maven.reportsFolder="/var/jenkins_home/workspace/fdc-authentication-service@tmp/withMaven50fce9b5" 
Apache Maven 3.6.3
Maven home: /usr/share/maven
Java version: 11.0.12, vendor: Eclipse Foundation, runtime: /opt/java/openjdk
Default locale: en_US, platform encoding: ANSI_X3.4-1968
OS name: "linux", version: "4.14.281-212.502.amzn2.x86_64", arch: "amd64", family: "unix"
[INFO] [jenkins-event-spy] Generate /var/jenkins_home/workspace/fdc-authentication-service@tmp/withMaven50fce9b5/maven-spy-20220908-112033-1631500197436505953088.log.tmp ...
[INFO] Scanning for projects...
[INFO] 
[INFO] -----------------< com.fdc:fdc-authentication-service >-----------------
[INFO] Building fdc-authentication-service 0.0.1-SNAPSHOT
[INFO] --------------------------------[ jar ]---------------------------------
[INFO] 
[8mha:////4MVN0HjG0bpXWxWsZhcTRJ8HuwAXqr8GB2ZJidzPtyeHAAAAYB+LCAAAAAAAAP9b85aBtbiIQSmjNKU4P0+vJLE4u1gvPjexLDVPzxdEGvvmZ+X75Zek2mxOX+vh68DGxMBQUcQgBdWQnJ9XnJ+TqucMoUEKGSCAEaSwAAAn9LoiYAAAAA==[0m[INFO] --- spring-boot-maven-plugin:2.5.3:build-info (default) @ fdc-authentication-service ---
[INFO] 
[8mha:////4MVN0HjG0bpXWxWsZhcTRJ8HuwAXqr8GB2ZJidzPtyeHAAAAYB+LCAAAAAAAAP9b85aBtbiIQSmjNKU4P0+vJLE4u1gvPjexLDVPzxdEGvvmZ+X75Zek2mxOX+vh68DGxMBQUcQgBdWQnJ9XnJ+TqucMoUEKGSCAEaSwAAAn9LoiYAAAAA==[0m[INFO] --- maven-resources-plugin:3.2.0:resources (default-resources) @ fdc-authentication-service ---
[INFO] Using 'UTF-8' encoding to copy filtered resources.
[INFO] Using 'UTF-8' encoding to copy filtered properties files.
[INFO] Copying 3 resources
[INFO] Copying 5 resources
[INFO] 
[8mha:////4MVN0HjG0bpXWxWsZhcTRJ8HuwAXqr8GB2ZJidzPtyeHAAAAYB+LCAAAAAAAAP9b85aBtbiIQSmjNKU4P0+vJLE4u1gvPjexLDVPzxdEGvvmZ+X75Zek2mxOX+vh68DGxMBQUcQgBdWQnJ9XnJ+TqucMoUEKGSCAEaSwAAAn9LoiYAAAAA==[0m[INFO] --- maven-compiler-plugin:3.8.1:compile (default-compile) @ fdc-authentication-service ---
[INFO] Changes detected - recompiling the module!
[INFO] Compiling 92 source files to /var/jenkins_home/workspace/fdc-authentication-service/target/classes
[INFO] 
[8mha:////4MVN0HjG0bpXWxWsZhcTRJ8HuwAXqr8GB2ZJidzPtyeHAAAAYB+LCAAAAAAAAP9b85aBtbiIQSmjNKU4P0+vJLE4u1gvPjexLDVPzxdEGvvmZ+X75Zek2mxOX+vh68DGxMBQUcQgBdWQnJ9XnJ+TqucMoUEKGSCAEaSwAAAn9LoiYAAAAA==[0m[INFO] --- maven-resources-plugin:3.2.0:testResources (default-testResources) @ fdc-authentication-service ---
[INFO] Using 'UTF-8' encoding to copy filtered resources.
[INFO] Using 'UTF-8' encoding to copy filtered properties files.
[INFO] skip non existing resourceDirectory /var/jenkins_home/workspace/fdc-authentication-service/src/test/resources
[INFO] 
[8mha:////4MVN0HjG0bpXWxWsZhcTRJ8HuwAXqr8GB2ZJidzPtyeHAAAAYB+LCAAAAAAAAP9b85aBtbiIQSmjNKU4P0+vJLE4u1gvPjexLDVPzxdEGvvmZ+X75Zek2mxOX+vh68DGxMBQUcQgBdWQnJ9XnJ+TqucMoUEKGSCAEaSwAAAn9LoiYAAAAA==[0m[INFO] --- maven-compiler-plugin:3.8.1:testCompile (default-testCompile) @ fdc-authentication-service ---
[INFO] Changes detected - recompiling the module!
[INFO] Compiling 5 source files to /var/jenkins_home/workspace/fdc-authentication-service/target/test-classes
[INFO] 
[8mha:////4MVN0HjG0bpXWxWsZhcTRJ8HuwAXqr8GB2ZJidzPtyeHAAAAYB+LCAAAAAAAAP9b85aBtbiIQSmjNKU4P0+vJLE4u1gvPjexLDVPzxdEGvvmZ+X75Zek2mxOX+vh68DGxMBQUcQgBdWQnJ9XnJ+TqucMoUEKGSCAEaSwAAAn9LoiYAAAAA==[0m[INFO] --- maven-surefire-plugin:2.22.2:test (default-test) @ fdc-authentication-service ---
[INFO] 
[INFO] -------------------------------------------------------
[INFO]  T E S T S
[INFO] -------------------------------------------------------
[INFO] Running com.fdc.authenticationserver.security.JwtRequestMatcherTest
[INFO] Tests run: 4, Failures: 0, Errors: 0, Skipped: 0, Time elapsed: 3.278 s - in com.fdc.authenticationserver.security.JwtRequestMatcherTest
[INFO] Running com.fdc.authenticationserver.security.JwtAuthenticationFilterTest
[INFO] Tests run: 5, Failures: 0, Errors: 0, Skipped: 0, Time elapsed: 4.034 s - in com.fdc.authenticationserver.security.JwtAuthenticationFilterTest
[INFO] Running com.fdc.authenticationserver.keymgmt.SecurityKeyRotationSchedulerTest
2022-09-08 11:22:16.024     ERROR [pool-4-thread-1] com.fdc.authenticationserver.keymgmt.SecurityKeyRotationScheduler - Error occurred while finding the usable security key.
[INFO] Tests run: 2, Failures: 0, Errors: 0, Skipped: 0, Time elapsed: 5.448 s - in com.fdc.authenticationserver.keymgmt.SecurityKeyRotationSchedulerTest
[INFO] Running com.fdc.authenticationserver.keymgmt.SecurityKeyUtilsTest
[INFO] Tests run: 2, Failures: 0, Errors: 0, Skipped: 0, Time elapsed: 0.004 s - in com.fdc.authenticationserver.keymgmt.SecurityKeyUtilsTest
[INFO] 
[INFO] Results:
[INFO] 
[INFO] Tests run: 13, Failures: 0, Errors: 0, Skipped: 0
[INFO] 
[INFO] 
[8mha:////4MVN0HjG0bpXWxWsZhcTRJ8HuwAXqr8GB2ZJidzPtyeHAAAAYB+LCAAAAAAAAP9b85aBtbiIQSmjNKU4P0+vJLE4u1gvPjexLDVPzxdEGvvmZ+X75Zek2mxOX+vh68DGxMBQUcQgBdWQnJ9XnJ+TqucMoUEKGSCAEaSwAAAn9LoiYAAAAA==[0m[INFO] --- maven-jar-plugin:3.2.0:jar (default-jar) @ fdc-authentication-service ---
[INFO] Building jar: /var/jenkins_home/workspace/fdc-authentication-service/target/fdc-authentication-service-0.0.1-SNAPSHOT.jar
[INFO] 
[8mha:////4MVN0HjG0bpXWxWsZhcTRJ8HuwAXqr8GB2ZJidzPtyeHAAAAYB+LCAAAAAAAAP9b85aBtbiIQSmjNKU4P0+vJLE4u1gvPjexLDVPzxdEGvvmZ+X75Zek2mxOX+vh68DGxMBQUcQgBdWQnJ9XnJ+TqucMoUEKGSCAEaSwAAAn9LoiYAAAAA==[0m[INFO] --- maven-checkstyle-plugin:3.1.2:check (checkstyle) @ fdc-authentication-service ---
[INFO] Starting audit...
Audit done.
[INFO] You have 0 Checkstyle violations.
[INFO] 
[8mha:////4MVN0HjG0bpXWxWsZhcTRJ8HuwAXqr8GB2ZJidzPtyeHAAAAYB+LCAAAAAAAAP9b85aBtbiIQSmjNKU4P0+vJLE4u1gvPjexLDVPzxdEGvvmZ+X75Zek2mxOX+vh68DGxMBQUcQgBdWQnJ9XnJ+TqucMoUEKGSCAEaSwAAAn9LoiYAAAAA==[0m[INFO] --- spring-boot-maven-plugin:2.5.3:repackage (repackage) @ fdc-authentication-service ---
[INFO] Replacing main artifact with repackaged archive
[INFO] 
[8mha:////4MVN0HjG0bpXWxWsZhcTRJ8HuwAXqr8GB2ZJidzPtyeHAAAAYB+LCAAAAAAAAP9b85aBtbiIQSmjNKU4P0+vJLE4u1gvPjexLDVPzxdEGvvmZ+X75Zek2mxOX+vh68DGxMBQUcQgBdWQnJ9XnJ+TqucMoUEKGSCAEaSwAAAn9LoiYAAAAA==[0m[INFO] --- spring-boot-maven-plugin:2.5.3:repackage (default) @ fdc-authentication-service ---
[INFO] Replacing main artifact with repackaged archive
[INFO] 
[8mha:////4MVN0HjG0bpXWxWsZhcTRJ8HuwAXqr8GB2ZJidzPtyeHAAAAYB+LCAAAAAAAAP9b85aBtbiIQSmjNKU4P0+vJLE4u1gvPjexLDVPzxdEGvvmZ+X75Zek2mxOX+vh68DGxMBQUcQgBdWQnJ9XnJ+TqucMoUEKGSCAEaSwAAAn9LoiYAAAAA==[0m[INFO] --- maven-install-plugin:2.5.2:install (default-install) @ fdc-authentication-service ---
[INFO] Installing /var/jenkins_home/workspace/fdc-authentication-service/target/fdc-authentication-service-0.0.1-SNAPSHOT.jar to /var/jenkins_home/.m2/repository/com/fdc/fdc-authentication-service/0.0.1-SNAPSHOT/fdc-authentication-service-0.0.1-SNAPSHOT.jar
[INFO] Installing /var/jenkins_home/workspace/fdc-authentication-service/pom.xml to /var/jenkins_home/.m2/repository/com/fdc/fdc-authentication-service/0.0.1-SNAPSHOT/fdc-authentication-service-0.0.1-SNAPSHOT.pom
[INFO] ------------------------------------------------------------------------
[INFO] BUILD SUCCESS
[INFO] ------------------------------------------------------------------------
[INFO] Total time:  02:24 min
[INFO] Finished at: 2022-09-08T11:22:57Z
[INFO] ------------------------------------------------------------------------
[INFO] [jenkins-event-spy] Generated /var/jenkins_home/workspace/fdc-authentication-service@tmp/withMaven50fce9b5/maven-spy-20220908-112033-1631500197436505953088.log
[8mha:////4KwNNo6gll6iLP/JAaElHjURyNmNM1WPtXH8AjSUm+DrAAAApB+LCAAAAAAAAP9tjTEOwjAQBC9BFLSUPOIiKoQQVVrLDS8wsTFOrDtjOyQVL+Jr/IFAJCq2WO1sM88XLFOEI0eLraHOUWocBt/baeHAsbt4HrDlMzZMib1BaQbJ2tQzSs4G5hQlLASsDDWekyObYS1adVeVV2SrU47TdxBQOn2DBxRiMmcV8xfGCJtrrxPTz/NXAGMIGcrt/lO7N9Jjga++AAAA[0m[Pipeline] }
[withMaven] artifactsPublisher - Archive artifact pom.xml under com/fdc/fdc-authentication-service/0.0.1-SNAPSHOT/fdc-authentication-service-0.0.1-SNAPSHOT.pom
[withMaven] artifactsPublisher - Archive artifact target/fdc-authentication-service-0.0.1-SNAPSHOT.jar under com/fdc/fdc-authentication-service/0.0.1-SNAPSHOT/fdc-authentication-service-0.0.1-SNAPSHOT.jar
[withMaven] junitPublisher - Archive test results for Maven artifact com.fdc:fdc-authentication-service:jar:0.0.1-SNAPSHOT generated by maven-surefire-plugin:test (default-test): target/surefire-reports/*.xml
[withMaven] junitPublisher - Jenkins [8mha:////4E2tCkie63IdynYQU9ZdlmytHmYY5fzpyFDjDttDxMMGAAAAwR+LCAAAAAAAAP9djEsKwjAUAJ8VPYArEW9QbHYuFBeigj+KIB4g1JC+Nr6E5NXPNbyGbjyEx/EOKu6czcxq7i9oBA/dvNoHS0lmKVijkvnFKW+QytSy6o9uj9HVPSOIFtA0ijTna6hX3jC01oU8SmEkabFlj6SHZw+dv93k5+8MftQigLP7RJthmjO7MBDihCUmhaISKfQyTKzXYo/BGXkRy1m6WqRbsdwRcjxmlll+UMQh3phKI70B4ncifskAAAA=[0mJUnit Attachments Plugin not found, can't publish test attachments.Recording test results
[withMaven] Jenkins [8mha:////4OOaQPyAwGNbqPcyGuZ4aYfc9B8ErzLiU4yhoconlBMwAAAAvB+LCAAAAAAAAP9djMEJwjAUQL8VHUBv4gbF5uZBKR5EsFqKUBcIbUjThJ+QpNqu4Rp6cQjHcQeV3nyX907v8YaRszCvmtJpjAqNTisW7TvDrBIoM+3ZMr4/45t5BRAkMFYMua9SGDZWeZikNb1QoihyknsrkK9bC7O/3bb3bwY9gwCgNd+YethU3hu3IuQqpIhqhlKgWxQi0paTUjijaEcOu+yYZDk5UyfDvKCIzIYn1XCBHwby8vjEAAAA[0mTask Scanner Plugin not found, don't display results of source code scanning for 'TODO' and 'FIXME' in pipeline screen.
[withMaven] Publishers: Pipeline Graph Publisher: 6 ms, Generated Artifacts Publisher: 929 ms, Junit Publisher: 113 ms
[8mha:////4GTaRX8Vw8wwGuhwCg6Z9OVfct9Auqn/0Grb7R/7o1srAAAApR+LCAAAAAAAAP9tjTEOwjAQBC9BFLSUPOICFDQoFa3lhheYxBgn1l2wHZyKF/E1/oBFJCq2WO1sM683LIOHmr3BTlNvKTQWBzeavDCx76+OE3Z8wYYpsNModZLc6tOMkqOGOUUJCwErTY3jYMlEWItOPVTlFJnqHH3+jgJK297hCYXI5qh8/MLkYXMb28D08/wVwDQMEcr9Ntfu8AERGGHOvgAAAA==[0m[Pipeline] // withMaven
[8mha:////4CpLnxjV3GailkXHPFsxjhs86PShli9ZBnMeOYpR2+ZEAAAApR+LCAAAAAAAAP9tjTEOwjAQBC9BFLSUPOKiIFEhqrRWGl5gYmOcWHfGdkgqXsTX+AMWkajYYrWzzbzesI4BThwM9poGS7Gz6N1o8sKJw3B1PGHPF+yYIjuNrZ5aVrpZsOWkYUlRwkrARlPnOFoyCbailw9ZOUmmOqeQv6OA0qo7PKEQ2ZxkSF+YA+xuo4pMP89fAczeJyj3da768AEOmjScvgAAAA==[0m[Pipeline] }
[8mha:////4CdXBwuVElUZTPU5S2CyVadHQTcJOf5l9hWdfDC+X8XVAAAApB+LCAAAAAAAAP9tjTEOwjAQBC9BFLSUPMIRER2iSmul4QUmPowT687YDknFi/gaf8AiEhVbrHa2mdcb1jHAiYMRPdJgKXZWeDeavMTEYbg6nkTPF9ExRXYoWpxa1tgs2HJCWFKUsJKwQeocR0smwVb26qEqp8hU5xTyd5RQWn2HJxQym5MK6QtzgN1t1JHp5/krgNn7BGVd59ofPjbYp22+AAAA[0m[Pipeline] // stage
[8mha:////4Ptw2pzdbYFN4/0PGiV3EUtdc90QqyTrVtIZ8UUeF0KJAAAApx+LCAAAAAAAAP9tjTEOwjAUQ3+LOrAycohU0BExdY2ycIKQhJA2+r8kKe3EibgadyBQiQkPlm3Jes8XVDHAkYJlncHeYVSODX60ObGJQn/xNLGOzkwRRvKGCTMJ0qZdqqBkYFFRworD2qDyFB3aBBveybusvURbn1LI24FD6fQNHlDwTE4ypG+ZA2yvo46EP85fAMxDgnLXZNs3n2f1BpZ8cjnCAAAA[0m[Pipeline] stage
[8mha:////4MQFXASC6d9Cr+DtncmsTsLNZs4OTZKfIzH2NVtkw/7cAAAApx+LCAAAAAAAAP9tjTEOwjAUQ3+LOrAycohUAjbE1DXKwglCE0La6P/yk9JOnIircQdaKjHhwbItWe/1hiIynIidaCy2HmPtRRd6NyUxELfXQINo6CJqwkjBCmUHRcZWS1WULCzKclhJWFusA0WPLsFGNvqhy6DRlefE03aUkHtzhydkciInzelbRobtrTeR8Mf5C4CxS5Dv9rMd5mfxAd6e6VPCAAAA[0m[Pipeline] { (Building Docker Image)
[8mha:////4Bt8KIQbJZv76chB3tS1Um923jRZbUKlippAr2mbfBX/AAAApx+LCAAAAAAAAP9tjTEOwjAUQ3+LOrAycohUQjAhpq5RFk4QmhDSRv+Xn5R24kRcjTvQUokJD5ZtyXqvNxSR4UTsRGOx9RhrL7rQuymJgbi9BhpEQxdRE0YKVig7KDK2WqqiZGFRlsNKwtpiHSh6dAk2stEPXQaNrjwnnrajhNybOzwhkxM5aU7fMjJsb72JhD/OXwCMXYJ8t5/tMD+LD/hYjrHCAAAA[0m[Pipeline] script
[8mha:////4E7P7EpBY1tr5njLVDvUz5m7lAYHAtJbwYwQYsr+4X14AAAAqB+LCAAAAAAAAP9tjTEOwjAUQ3+LOrAycohUQoIFMXWNsnCC0ISQNvq//KS0EyfiatyBlkpMeLBsS9Z7vaGIDCdiJxqLrcdYe9GF3k1JDMTtNdAgGrqImjBSsELZQZGx1VIVJQuLshxWEtYW60DRo0uwkY1+6DJodOU58bQdJeTe3OEJmZzISXP6lpFhe+tNJPxx/gJg7BLku/1sh/lZfACW9ZT2wgAAAA==[0m[Pipeline] {
[8mha:////4CbBlGTq1e60LZQ1/0dRQtlTlzdiomKkpXdFej6STNt3AAAApR+LCAAAAAAAAP9tjTEOwjAQBC9BFLSUPOIiUUCBqNJabniBiY1xYt0Z2yGpeBFf4w8EIlGxxWpnm3m+YJkiHDlabA11jlLjMPjeTgsHjt3F84Atn7FhSuwNSjNI1qaeUXI2MKcoYSFgZajxnBzZDGvRqruqvCJbnXKcvoOA0ukbPKAQkzmrmL8wRthce52Yfp6/AhhDhnK7+9Q+vAHUcXIBvgAAAA==[0m[Pipeline] isUnix
[8mha:////4HPIuYk4suOGuCWQdxBNm6jRppA5XMbZ8epm7rEXXYlNAAAApR+LCAAAAAAAAP9tjTEOwjAQBC9BFLSUPOIiUSAkRJXWcsMLTGyME+vO2A5JxYv4Gn8gEImKLVY728zzBcsU4cjRYmuoc5Qah8H3dlo4cOwungds+YwNU2JvUJpBsjb1jJKzgTlFCQsBK0ON5+TIZliLVt1V5RXZ6pTj9B0ElE7f4AGFmMxZxfyFMcLm2uvE9PP8FcAYMpTb3af24Q0bbeqGvgAAAA==[0m[Pipeline] sh
+ docker build -t 837587249384.dkr.ecr.us-west-2.amazonaws.com/fdc-auth --build-arg STRIPE_KEY=abc -f Dockerfile .
Sending build context to Docker daemon   63.5MB
Step 1/5 : FROM openjdk:11
 ---> f0e1438095c5
Step 2/5 : ARG JAR_FILE=target/*.jar
 ---> Using cache
 ---> 9fa21fbf6794
Step 3/5 : WORKDIR /opt/app
 ---> Using cache
 ---> 147efea05bb6
Step 4/5 : COPY ${JAR_FILE} app.jar
 ---> c00b5ec7a548
Step 5/5 : ENTRYPOINT ["java","-jar", "app.jar"]
 ---> Running in 0b9de407e0f2
Removing intermediate container 0b9de407e0f2
 ---> d4bf5c35f890
[Warning] One or more build-args [STRIPE_KEY] were not consumed
Successfully built d4bf5c35f890
Successfully tagged 837587249384.dkr.ecr.us-west-2.amazonaws.com/fdc-auth:latest
[8mha:////4KbRBCtSn0oJFuCoyo1zX6BO01HZUuLMMlx/qpPgMugdAAAApR+LCAAAAAAAAP9tjTEOwjAQBC9BFLSUPOIiUSAhRJXWcsMLTGyME+vO2A5JxYv4Gn8gEImKLVY728zzBcsU4cjRYmuoc5Qah8H3dlo4cOwungds+YwNU2JvUJpBsjb1jJKzgTlFCQsBK0ON5+TIZliLVt1V5RXZ6pTj9B0ElE7f4AGFmMxZxfyFMcLm2uvE9PP8FcAYQoZyu//U7g0aGkPCvgAAAA==[0m[Pipeline] }
[8mha:////4DpGpmYchG2XgM+79fOjWZvgeckiZ3QW7r2mzBvtwPI3AAAApR+LCAAAAAAAAP9tjTEOwjAQBC9BFLSUPOKCQFQoFa3lhheYxBgn1l2wHZyKF/E1/oBFJCq2WO1sM683LIOHmr3BTlNvKTQWBzeavDCx76+OE3Z8wYYpsNModZLc6tOMkqOGOUUJCwErTY3jYMlEWItOPVTlFJnqHH3+jgJK297hCYXI5qh8/MLkYXMb28D08/wVwDQMEcr9Ntfu8AHcETLavgAAAA==[0m[Pipeline] // script
[8mha:////4BiiSqne+cS85FBKZ6JIibYtcox+sYkMWZOq3A7t6OAXAAAApR+LCAAAAAAAAP9tjTsOwjAQRDdBFLSUHGIjPh1KRWu54QQmMcaJtRtsB6fiRFyNO2ARiYopRvOmea83LIOHmr3BTlNvKTQWBzeavDCx76+OE3Z8wYYpsNModZLc6tOMkqOGOUUJCwErTY3jYMlEWItOPVTlFJnqHH3+jgJK297hCYXI5qh8/MLkYXMb28D08/wVwDQMEcr9Ntfu8AHv8mlmvgAAAA==[0m[Pipeline] }
[8mha:////4AZ0ygnGKaq+4HgOs95K+eEvVACEgIHYh+fYoPmEou26AAAApB+LCAAAAAAAAP9tjTEOwjAQBC9BFLSUPMKRkhJR0VppeIGJjXFi3Tn2haTiRXyNP2ARiYotVjvbzOsN2xThRNGK3uDgMHVOBD/ZvMRMcbh5mkVPV9ERJvJGtGZuSZvzii2xgTVFCRsJO4Odp+TQMuxlrx6q8gptdeGYv6OE0ukRnlDIbGYV+QtLhMN90onw5/krgCUEhrKpc9XNB+IVmX6+AAAA[0m[Pipeline] // stage
[8mha:////4N45EVUCfyTMrxOp1hSIQ158czrSnhwXJ12QAlLhLwPCAAAApx+LCAAAAAAAAP9tjTEOwjAUQ3+LOrAycohUqCNiYo2ycIKQhpA2+r/8pLQTJ+Jq3IFAJSY8WLYl6z1fUEWGA7ETncXeYzReDGF0OYmJuL8EmkRHZ2EIIwUrlJ0Utfa4VEXJwqKihJWEtUUTKHp0CTay03ddB42uPiXO215C6dsbPKCQmZw0p2+ZGbbXsY2EP85fAMxDgnLXZGuaz7N6AyJ3BZ/CAAAA[0m[Pipeline] stage
[8mha:////4JfmFWcg80tnnNpBnff2FSGhf/DuT/IRq5RubMq33MuDAAAAph+LCAAAAAAAAP9tjTEOwjAUQ3+LOrAycoh0KBtiYo2ycILQhJA0+r9NUtKJE3E17kBLJSY8WLYl673eUMUAJwqGOY2dxdha1vvRzIllCt3NU2aOrqwljOQ1EzoLUvq8VkFJw6qihA2HrcbWU7RoEuy4kw9Ze4mmvqQwb0cOpVUDPKHgMznJkL5lCrC/jyoS/jh/ATD1CcqmWeywPKsPBdk7bsIAAAA=[0m[Pipeline] { (Publishing Docker Image)
[8mha:////4IhC3QqJZZM/T3hbpJrrZB2Fqt2sa+BUJlIQ+OEbNamWAAAApx+LCAAAAAAAAP9tjTEOwjAUQ3+LOrAycoh0ACbE1DXKwglCE0La6P/yk9JOnIircQdaKjHhwbItWe/1hiIynIidaCy2HmPtRRd6NyUxELfXQINo6CJqwkjBCmUHRcZWS1WULCzKclhJWFusA0WPLsFGNvqhy6DRlefE03aUkHtzhydkciInzelbRobtrTeR8Mf5C4CxS5Dv9rMd5mfxASMfXIzCAAAA[0m[Pipeline] script
[8mha:////4DfRcT/KFLN0BDCP9aCUImAqLNMpDZ4/rqheMEmluvM0AAAApx+LCAAAAAAAAP9tjTEOwjAUQ3+LOrAycoh0QLAgpq5RFk4QmhDSRv+Xn5R24kRcjTvQUokJD5ZtyXqvNxSR4UTsRGOx9RhrL7rQuymJgbi9BhpEQxdRE0YKVig7KDK2WqqiZGFRlsNKwtpiHSh6dAk2stEPXQaNrjwnnrajhNybOzwhkxM5aU7fMjJsb72JhD/OXwCMXYJ8t5/tMD+LD02yRsvCAAAA[0m[Pipeline] {
[8mha:////4OiOJh+pBy00f1UN6KsYFV8zBuhooW/jpkqqqFQe0Mk7AAAAqB+LCAAAAAAAAP9tjTEOwjAUQ3+LOrAycoh0QIIBMXWNsnCC0ISQNvq//KS0EyfiatyBlkpMeLBsS9Z7vaGIDCdiJxqLrcdYe9GF3k1JDMTtNdAgGrqImjBSsELZQZGx1VIVJQuLshxWEtYW60DRo0uwkY1+6DJodOU58bQdJeTe3OEJmZzISXP6lpFhe+tNJPxx/gJg7BLku/1sh/lZfADpB/iZwgAAAA==[0m[Pipeline] withEnv
[8mha:////4OwSLxlUzEwGk0ru4KBAGE/7VQ1W12pv8PGui+JjYvciAAAAqB+LCAAAAAAAAP9tjTEOwjAUQ3+LOrAycoh0YAAJMXWNsnCC0ISQNvq//KS0EyfiatyBlkpMeLBsS9Z7vaGIDCdiJxqLrcdYe9GF3k1JDMTtNdAgGrqImjBSsELZQZGx1VIVJQuLshxWEtYW60DRo0uwkY1+6DJodOU58bQdJeTe3OEJmZzISXP6lpFhe+tNJPxx/gJg7BLku/1sh/lZfAD8aiCpwgAAAA==[0m[Pipeline] {
[8mha:////4OxP++6Et7g1fSZVLQF+zXxZ+8cMDUtqgdkCQzE+QqeJAAAApx+LCAAAAAAAAP9tjTEOwjAUQ3+LOrAycoh0YAEhpq5RFk4QmhDSRv+Xn5R24kRcjTvQUokJD5ZtyXqvNxSR4UTsRGOx9RhrL7rQuymJgbi9BhpEQxdRE0YKVig7KDK2WqqiZGFRlsNKwtpiHSh6dAk2stEPXQaNrjwnnrajhNybOzwhkxM5aU7fMjJsb72JhD/OXwCMXYJ8t5/tMD+LD59NhPHCAAAA[0m[Pipeline] withDockerRegistry
Using the existing docker config file.Removing blacklisted property: auths$ docker login -u AWS -p ******** https://837587249384.dkr.ecr.us-west-2.amazonaws.com
WARNING! Using --password via the CLI is insecure. Use --password-stdin.
WARNING! Your password will be stored unencrypted in /var/jenkins_home/workspace/fdc-authentication-service@tmp/1fba39c1-1c4c-44a0-805a-62077c4d39c0/config.json.
Configure a credential helper to remove this warning. See
https://docs.docker.com/engine/reference/commandline/login/#credentials-store

Login Succeeded
[8mha:////4A59Y/DTIbYBMbSgTK8oZ419Fn3ZU4+QedfADqJ6pqxtAAAAqB+LCAAAAAAAAP9tjTEOwjAUQ3+LOrAycogUCRaEOrFGXThBaEJIGv1fkpR04kRcjTsQqMSEB8u2ZL3nC6rgoSGvmVXYGwydYYMbdU4ske8vjhKzdGYdYSCnWKtSS1Id59pSVDCrKGHBYamwcxQM6ggrbsVd1E6grk/R5+3AoTTyBg8oeCZH4eO3TB7W11EGwh/nLwCmIUK53WfbbT7P6g0Z/aLSwgAAAA==[0m[Pipeline] {
[8mha:////4F4YmGbyXu4kica3MElkLltgffxgnBnG0A3zUW6XrqbQAAAApB+LCAAAAAAAAP9tjTEOwjAQBC9BFLSUPOICEh2iSmu54QUmNsaJdWdsh6TiRXyNPxCIRMUWq51t5vmCZYpw5GixNdQ5So3D4Hs7LRw4dhfPA7Z8xoYpsTcozSBZm3pGydnAnKKEhYCVocZzcmQzrEWr7qryimx1ynH6DgJKp2/wgEJM5qxi/sIYYXPtdWL6ef4KYAwZyv32U7vwBl2WGva+AAAA[0m[Pipeline] isUnix
[8mha:////4JN6F2+VDUAW4N/2QlMEG2dH/Apy1f7uwlBQXV66MjyoAAAApB+LCAAAAAAAAP9tjTEOwjAQBC9BFLSUPOKCEB2iSmu54QUmNsaJdWdsh6TiRXyNPxCIRMUWq51t5vmCZYpw5GixNdQ5So3D4Hs7LRw4dhfPA7Z8xoYpsTcozSBZm3pGydnAnKKEhYCVocZzcmQzrEWr7qryimx1ynH6DgJKp2/wgEJM5qxi/sIYYXPtdWL6ef4KYAwZyv32U7vwBp7FN92+AAAA[0m[Pipeline] sh
+ docker tag 837587249384.dkr.ecr.us-west-2.amazonaws.com/fdc-auth 837587249384.dkr.ecr.us-west-2.amazonaws.com/fdc-auth:latest-33-2022-09-08_11-20-19
[8mha:////4Ir7lYeaAt1iiegmiG4JXchZ7DDgE+ulnKkCh+idkNFjAAAApB+LCAAAAAAAAP9tjTEOwjAQBC9BFLSUPOKCBB2iSmu54QUmNsaJdWdsh6TiRXyNPxCIRMUWq51t5vmCZYpw5GixNdQ5So3D4Hs7LRw4dhfPA7Z8xoYpsTcozSBZm3pGydnAnKKEhYCVocZzcmQzrEWr7qryimx1ynH6DgJKp2/wgEJM5qxi/sIYYXPtdWL6ef4KYAwZyv32U7vwBt/0LMS+AAAA[0m[Pipeline] isUnix
[8mha:////4M3TVzWrP0eveyW311OSUPRPttrGGcynvA8UaM2dOlkcAAAAox+LCAAAAAAAAP9tjTEOwjAQBC9BFLSUPOJCkQ5R0VppeIFJjLFj3Tm2g1PxIr7GHwhEomKL1c4283zBOgY4ctBoFfWGYmvQu1HPCzOH/uo4o+ULtkyRncJG5YY7dVqw4aRgSVHCSsBGUes4GtIJtsLKu6ycJF2dU5i/g4DSdAM8oBCzOcmQvjAF2N3GLjL9PH8FMPkEZb3/VO3fGGJti74AAAA=[0m[Pipeline] sh
+ docker push 837587249384.dkr.ecr.us-west-2.amazonaws.com/fdc-auth:latest-33-2022-09-08_11-20-19
The push refers to repository [837587249384.dkr.ecr.us-west-2.amazonaws.com/fdc-auth]
04f692ddf059: Preparing
33a6940d021f: Preparing
7e145627a1fb: Preparing
6812ae0d9f23: Preparing
369123a7ed65: Preparing
5afd661c6106: Preparing
66183893ba24: Preparing
6840c8ff46bd: Preparing
97d5fec864d8: Preparing
5afd661c6106: Waiting
66183893ba24: Waiting
6840c8ff46bd: Waiting
97d5fec864d8: Waiting
6812ae0d9f23: Layer already exists
7e145627a1fb: Layer already exists
369123a7ed65: Layer already exists
33a6940d021f: Layer already exists
5afd661c6106: Layer already exists
6840c8ff46bd: Layer already exists
97d5fec864d8: Layer already exists
66183893ba24: Layer already exists
04f692ddf059: Pushed
latest-33-2022-09-08_11-20-19: digest: sha256:9302cbb967671cfa5020d2262da74c0ffeea542108434af5a27c413b812d8600 size: 2214
[8mha:////4I80DI0nEaNi6F1bm15XKpGrwXK1lZF+BxlzHVhDTXdNAAAApB+LCAAAAAAAAP9tjTEOwjAQBC9BFLSUPOJCARWiSmu54QUmNsaJdWdsh6TiRXyNPxCIRMUWq51t5vmCZYpw5GixNdQ5So3D4Hs7LRw4dhfPA7Z8xoYpsTcozSBZm3pGydnAnKKEhYCVocZzcmQzrEWr7qryimx1ynH6DgJKp2/wgEJM5qxi/sIYYXPtdWL6ef4KYAwhQ7nbf2r7BujtaGm+AAAA[0m[Pipeline] }
[8mha:////4P2+0PWq6VpUvzKb6BTj0WuuksqQOXaEPAYNCerSEeyRAAAAph+LCAAAAAAAAP9tjTEOwjAQBC9BFLSUPOJSgJAQSkVrueEFJjHGiXUXbAen4kV8jT9gEYmKLVY728zrDcvgoWZvsNPUWwqNxcGNJi9M7Pur44QdX7BhCuw0Sp0kt/o0o+SoYU5RwkLASlPjOFgyEdaiUw9VOUWmOkefv6OA0rZ3eEIhsjkqH78wedjcxjYw/Tx/BTANQ4Ryt8+1PXwAJbFh2b4AAAA=[0m[Pipeline] // withDockerRegistry
[8mha:////4AEgAhCw53R5dvf+F6KU0sDoV6z6Awa6nSLbBvUAQ37NAAAAph+LCAAAAAAAAP9tjTEOwjAQBC9BFLSUPOJSgAQSSkVrueEFJjHGiXUXbAen4kV8jT9gEYmKLVY728zrDcvgoWZvsNPUWwqNxcGNJi9M7Pur44QdX7BhCuw0Sp0kt/o0o+SoYU5RwkLASlPjOFgyEdaiUw9VOUWmOkefv6OA0rZ3eEIhsjkqH78wedjcxjYw/Tx/BTANQ4Ryt8+1PXwAFlI6Zb4AAAA=[0m[Pipeline] }
[8mha:////4H8Ec5xxTCw32mI/JSwUgwaO0Jtyy9oJurhFZVtHGlsSAAAAph+LCAAAAAAAAP9tjTEOwjAQBC9BFLSUPOJSgAQSSkVrueEFJjHGiXUXbAen4kV8jT9gEYmKLVY728zrDcvgoWZvsNPUWwqNxcGNJi9M7Pur44QdX7BhCuw0Sp0kt/o0o+SoYU5RwkLASlPjOFgyEdaiUw9VOUWmOkefv6OA0rZ3eEIhsjkqH78wedjcxjYw/Tx/BTANQ4Ryd8i13X8AUv3TBL4AAAA=[0m[Pipeline] // withEnv
[8mha:////4G1zMBiJslKvd3FJIryg6lS0lQzjuNvCqo0KTheNsrFcAAAAph+LCAAAAAAAAP9tjTEOwjAQBC9BFLSUPOJSgJAQSkVrueEFJjHGiXUXbAen4kV8jT9gEYmKLVY728zrDcvgoWZvsNPUWwqNxcGNJi9M7Pur44QdX7BhCuw0Sp0kt/o0o+SoYU5RwkLASlPjOFgyEdaiUw9VOUWmOkefv6OA0rZ3eEIhsjkqH78wedjcxjYw/Tx/BTANQ4Ryd8i13X8AYR6IuL4AAAA=[0m[Pipeline] }
[8mha:////4NeHx/XAkQH/FjscUCNcTTipBQ4rYgvehTp+WtvOfK2zAAAApR+LCAAAAAAAAP9tjTEOwjAQBC9BFLSUPOKChFIhqrRWGl5gYmOcWHfGdkgqXsTX+AMWkajYYrWzzbzesI4BThwM9poGS7Gz6N1o8sKJw3B1PGHPF+yYIjuNrZ5aVrpZsOWkYUlRwkrARlPnOFoyCbailw9ZOUmmOqeQv6OA0qo7PKEQ2ZxkSF+YA+xuo4pMP89fAczeJyjrfa5D/QGnFfmgvgAAAA==[0m[Pipeline] // script
[8mha:////4E4HbM8jExdLKMoVtkSq5n14aMPaiJ6csKcn1Y/JNxQ8AAAApR+LCAAAAAAAAP9tjTEOwjAQBC9BFLSUPOIiBFQoFa3lhheYxBgn1l2wHZyKF/E1/oBFJCq2WO1sM683LIOHmr3BTlNvKTQWBzeavDCx76+OE3Z8wYYpsNModZLc6tOMkqOGOUUJCwErTY3jYMlEWItOPVTlFJnqHH3+jgJK297hCYXI5qh8/MLkYXMb28D08/wVwDQMEcrDNtdu/wGU9qIcvgAAAA==[0m[Pipeline] }
[8mha:////4IXO76om8kxl61BAy42lvAozETqTpjBHJtrNAJD8/O/WAAAApR+LCAAAAAAAAP9tjTEOwjAQBC9BFLSUPMKRiKgQVVorDS8w8WGcWHfGdkgqXsTX+AMWkajYYrWzzbzesI4BThyM6JEGS7GzwrvR5CUmDsPV8SR6voiOKbJD0eLUssZmwZYTwpKihJWEDVLnOFoyCbayVw9VOUWmOqeQv6OE0uo7PKGQ2ZxUSF+YA+xuo45MP89fAczeJygP+1x1/QGZEVIEvgAAAA==[0m[Pipeline] // stage
[8mha:////4FAa4icC3oSCL18c56YO8f4vUkr8faSb6wJXACLQwGIcAAAAqB+LCAAAAAAAAP9tjTEOwjAUQ3+LOrAycohUqGJCTF2jLJwgJCGkjf4vSUo7cSKuxh0IVGLCg2Vbst7zBVUMcKRgWWewdxiVY4MfbU5sotBfPE2sozNThJG8YcJMgrRplyooGVhUlLDisDaoPEWHNsGGd/Iuay/R1qcU8nbgUDp9gwcUPJOTDOlb5gDb66gj4Y/zFwDzkKDcNdn2zedZvQEYQtX8wgAAAA==[0m[Pipeline] stage
[8mha:////4AYgJwI9GdBbrfZIRXboQyG+H1ytVr3QYxuplazLc+X/AAAApx+LCAAAAAAAAP9tjTEOwjAUQ3+LOrAycoh0ACbE1DXKwglCE0La6P/yk9JOnIircQdaKjHhwbItWe/1hiIynIidaCy2HmPtRRd6NyUxELfXQINo6CJqwkjBCmUHRcZWS1WULCzKclhJWFusA0WPLsFGNvqhy6DRlefE03aUkHtzhydkciInzelbRobtrTeR8Mf5C4CxS5AfdrPt52fxAd9J1uLCAAAA[0m[Pipeline] { (Updating Parameter File)
[8mha:////4Arbp77SmVPTSA9f7suq2q/4lsijYWSNBiCoAQ/QIwK6AAAAox+LCAAAAAAAAP9tjTEOwjAQBC9BFLSUPOLSkApR0VppeIFJjLFj3Tm2g1PxIr7GHwhEomKL1c4283zBOgY4ctBoFfWGYmvQu1HPCzOH/uo4o+ULtkyRncJG5YY7dVqw4aRgSVHCSsBGUes4GtIJtsLKu6ycJF2dU5i/g4DSdAM8oBCzOcmQvjAF2N3GLjL9PH8FMPkEZb3/VO3f4x1Rq74AAAA=[0m[Pipeline] sh
+ grep -A1 ImageTag /var/jenkins_home/workspace/fdc-authentication-service/fdc-svc-auth-dev-parameter.json
+ tail -1
+ cut -d : -f2
+ cut -d " -f2
+ ImageTag=latest-14-2022-03-28_05-52-33
+ [ latest = latest ]
+ sed -i s/latest-14-2022-03-28_05-52-33/latest-33-2022-09-08_11-20-19/ /var/jenkins_home/workspace/fdc-authentication-service/fdc-svc-auth-dev-parameter.json
[8mha:////4CxFa4cbhSxwGLfMQkcZkprrs1i+wc4Xw1nHl+oeGEC2AAAApB+LCAAAAAAAAP9tjTEOwjAQBC9BFLSUPOLSAA2iSmu54QUmNsaJdWdsh6TiRXyNPxCIRMUWq51t5vmCZYpw5GixNdQ5So3D4Hs7LRw4dhfPA7Z8xoYpsTcozSBZm3pGydnAnKKEhYCVocZzcmQzrEWr7qryimx1ynH6DgJKp2/wgEJM5qxi/sIYYXPtdWL6ef4KYAwhQ7nbf2r7Bqph/Ve+AAAA[0m[Pipeline] }
[8mha:////4Ff2KTluikP+BPJHp6UioZbQmCwchxUriRhNTc9o5+ngAAAApR+LCAAAAAAAAP9tjTEOwjAQBC9BFLSUPOJSIESBqNJabniBiY1xYt0Z2yGpeBFf4w8EIlGxxWpnm3m+YJkiHDlabA11jlLjMPjeTgsHjt3F84Atn7FhSuwNSjNI1qaeUXI2MKcoYSFgZajxnBzZDGvRqruqvCJbnXKcvoOA0ukbPKAQkzmrmL8wRthce52Yfp6/AhhDyFDu9p/avgGsJ8UCvgAAAA==[0m[Pipeline] // stage
[8mha:////4Mbks10GPnTyIDaPW6AHnVlOIdb0W/uxnadOGtLTa92hAAAAqB+LCAAAAAAAAP9tjUEKwjAURH8rXbh16SFSRARBunIbuvEEsYkxafi/JqnpyhN5Ne9gtODKWQwzA8N7vqAKHhrymlmFvcHQGTa4UefEEvn+4igxS2fWEQZyirUqtSTVca4tRQWzihIWHJYKO0fBoI6w4lbcRe0E6voUfd4OHEojb/CAgmdyFD5+y+RhfR1lIPxx/gJgGiKUm2223f7zrN7bshKWwgAAAA==[0m[Pipeline] stage
[8mha:////4PDW6jPCjIIL9MD2CFHSnPz6lODHf30sBO4NINvyQIy+AAAApx+LCAAAAAAAAP9tjTEOwjAUQ3+LOrAycoh0QgIhpq5RFk4QmhDSRv+Xn5R24kRcjTvQUokJD5ZtyXqvNxSR4UTsRGOx9RhrL7rQuymJgbi9BhpEQxdRE0YKVig7KDK2WqqiZGFRlsNKwtpiHSh6dAk2stEPXQaNrjwnnrajhNybOzwhkxM5aU7fMjJsb72JhD/OXwCMXYJ8t5/tMD+LD0XdaX3CAAAA[0m[Pipeline] { (Deploying stack in ${fdcenv} environment)
[8mha:////4HcPH6qfylxNmjHt4EpIyUs2ldvL9YmA5CQJUERmGwlFAAAAqB+LCAAAAAAAAP9tjTEOwjAUQ3+LOrAycoiUBSSEOrFGXThBaEJIGv1fkpR04kRcjTsQqMSEB8u2ZL3nC6rgoSGvmVXYGwydYYMbdU4ske8vjhKzdGYdYSCnWKtSS1Id59pSVDCrKGHBYamwcxQM6ggrbsVd1E6grk/R5+3AoTTyBg8oeCZH4eO3TB7W11EGwh/nLwCmIUK53WfbbT7P6g3QSQCqwgAAAA==[0m[Pipeline] script
[8mha:////4OKPzJt0k3RmZnyHiAfFvv9VaoaSxQnQhnBwEnRqQOMHAAAApx+LCAAAAAAAAP9tjTEOwjAUQ3+LOrAycogUFhbE1DXKwglCE0La6P/yk9JOnIircQdaKjHhwbItWe/1hiIynIidaCy2HmPtRRd6NyUxELfXQINo6CJqwkjBCmUHRcZWS1WULCzKclhJWFusA0WPLsFGNvqhy6DRlefE03aUkHtzhydkciInzelbRobtrTeR8Mf5C4CxS5AfdrPt52fxAQB2j23CAAAA[0m[Pipeline] {
[8mha:////4BmkiQocDMeulNfa8UofqJif8kpmAINT/c3KnoAiWmeRAAAApx+LCAAAAAAAAP9tjTEOwjAUQ3+LOrAycohUMLAgpq5RFk4QmhDSRv+Xn5R24kRcjTvQUokJD5ZtyXqvNxSR4UTsRGOx9RhrL7rQuymJgbi9BhpEQxdRE0YKVig7KDK2WqqiZGFRlsNKwtpiHSh6dAk2stEPXQaNrjwnnrajhNybOzwhkxM5aU7fMjJsb72JhD/OXwCMXYL8sJttPz+LD27blSrCAAAA[0m[Pipeline] withAWS
Requesting assume role
Assuming role ARN is arn:aws:iam::051244547718:role/AllowAltirJenkinsAssumed role arn:aws:sts::051244547718:assumed-role/AllowAltirJenkins/Jenkins-fdc-authentication-service-33 with id AROAQX3TJX2DIMICBQMYT:Jenkins-fdc-authentication-service-33 
 [8mha:////4EiibYADCW0GaSBh3bvHkTedy0QfhcP7EmwZ8Sut9emlAAAAqB+LCAAAAAAAAP9tjTEOwjAUQ3+LOrAycohUAokFMXWNsnCC0ISQNvq//KS0EyfiatyBlkpMeLBsS9Z7vaGIDCdiJxqLrcdYe9GF3k1JDMTtNdAgGrqImjBSsELZQZGx1VIVJQuLshxWEtYW60DRo0uwkY1+6DJodOU58bQdJeTe3OEJmZzISXP6lpFhe+tNJPxx/gJg7BLkh91s+/lZfADKbit4wgAAAA==[0m[Pipeline] {
[8mha:////4EBr4AaN2tCq12jqChhVQJxDfpkjGncyyNolskXahm7VAAAApB+LCAAAAAAAAP9tjTEOwjAQBC9BFLSUPOJSgGgQVVrLDS8wsTFOrDtjOyQVL+Jr/IFAJCq2WO1sM88XLFOEI0eLraHOUWocBt/baeHAsbt4HrDlMzZMib1BaQbJ2tQzSs4G5hQlLASsDDWekyObYS1adVeVV2SrU47TdxBQOn2DBxRiMmcV8xfGCJtrrxPTz/NXAGPIUO63n9qFN5arJPu+AAAA[0m[Pipeline] sh
+ cat fdc-svc-auth-dev-parameter.json
[
  {
    "ParameterKey": "VPC",
    "ParameterValue": "vpc-0658d037a5591229b"
  }, 
  {
    "ParameterKey": "Cluster",
    "ParameterValue": "fdc-auth-dev"
  },
  {
    "ParameterKey": "PrivateListener",
    "ParameterValue": "arn:aws:elasticloadbalancing:us-west-2:051244547718:listener/app/platform-dev/c61ed773b9849661/20300eaaa754396c"
  }, 
  {
    "ParameterKey": "Path",
    "ParameterValue": "/auth/*"
  }, 
  {
    "ParameterKey": "ImageTag",
    "ParameterValue": "latest-33-2022-09-08_11-20-19"
  },
  {
    "ParameterKey": "ContainerMemory",
    "ParameterValue": "1024"
  },
  {
    "ParameterKey": "env",
    "ParameterValue": "dev"
  },
  {
    "ParameterKey": "SecurityDatasourceURI",
    "ParameterValue": "arn:aws:ssm:us-west-2:051244547718:parameter/dev/securitydburl"
  },
  {
    "ParameterKey": "AuthDatasourceURI",
    "ParameterValue": "arn:aws:ssm:us-west-2:051244547718:parameter/dev/api/dburl"
  },
  {
    "ParameterKey": "AuthDatasourceUsername",
    "ParameterValue": "arn:aws:ssm:us-west-2:051244547718:parameter/dev/auth/dbuser"
  },
  {
    "ParameterKey": "AuthDatasourcePassword",
    "ParameterValue": "arn:aws:ssm:us-west-2:051244547718:parameter/dev/auth/dbpassword"
  },
  {
    "ParameterKey": "RedisHost",
    "ParameterValue": "arn:aws:ssm:us-west-2:051244547718:parameter/dev/auth/redishost"
  },
  {
    "ParameterKey": "RedisPort",
    "ParameterValue": "6379"
  },
  {
    "ParameterKey": "RedisPassword",
    "ParameterValue": "arn:aws:ssm:us-west-2:051244547718:parameter/dev/auth/redispassword"
  }
]
[8mha:////4KlsGRxfqeshrE4NWuhkM/F2JgtplAUMEIykJFOgVMRzAAAApB+LCAAAAAAAAP9tjTEOwjAQBC9BFLSUPOJSIGgQVVrLDS8wsTFOrDtjOyQVL+Jr/IFAJCq2WO1sM88XLFOEI0eLraHOUWocBt/baeHAsbt4HrDlMzZMib1BaQbJ2tQzSs4G5hQlLASsDDWekyObYS1adVeVV2SrU47TdxBQOn2DBxRiMmcV8xfGCJtrrxPTz/NXAGPIUO63n9qFN9eaP+K+AAAA[0m[Pipeline] sh
+ aws cloudformation update-stack --stack-name fdc-svc-auth-dev --region us-west-2 --template-body file:///var/jenkins_home/workspace/fdc-authentication-service/fdc-svc-auth.yml --parameters file:///var/jenkins_home/workspace/fdc-authentication-service/fdc-svc-auth-dev-parameter.json --capabilities CAPABILITY_IAM CAPABILITY_NAMED_IAM
{
    "StackId": "arn:aws:cloudformation:us-west-2:051244547718:stack/fdc-svc-auth-dev/d91a3690-afe8-11ec-be0f-06cbb1c6f329"
}
[8mha:////4Nf5xZIs3jbKFBwbsAhNWOMGZlzigVRtw/M3Be/+9YHQAAAApB+LCAAAAAAAAP9tjTEOwjAQBC9BFLSUPOJSIKVBVLRWGl5gEmPsWHeO7eBUvIiv8QcCkajYYrWzzTxfsI4Bjhw0WkW9odga9G7U88LMob86zmj5gi1TZKewUbnhTp0WbDgpWFKUsBKwUdQ6joZ0gq2w8i4rJ0lX5xTm7yCgNN0ADyjEbE4ypC9MAXa3sYtMP89fAUw+QVnvP1X7NxTJEsm+AAAA[0m[Pipeline] sh
+ aws cloudformation wait stack-update-complete --stack-name fdc-svc-auth-dev --region us-west-2
[8mha:////4EVmd0rJhT5pDdVl343TdNcAnwVoT6I5yQ3aM6k3W2BZAAAApR+LCAAAAAAAAP9tjTEOwjAQBC9BFLSUPOJSIEGBqNJabniBiY1xYt0Z2yGpeBFf4w8EIlGxxWpnm3m+YJkiHDlabA11jlLjMPjeTgsHjt3F84Atn7FhSuwNSjNI1qaeUXI2MKcoYSFgZajxnBzZDGvRqruqvCJbnXKcvoOA0ukbPKAQkzmrmL8wRthce52Yfp6/AhhDyFDu9p/avgHybgAYvgAAAA==[0m[Pipeline] }
[8mha:////4Ht0B2GIdHFx1cv1A0yMSPfcJCvHTkk4ZF1zkqzuU1IsAAAApR+LCAAAAAAAAP9tjTEOwjAQBC9BFLSUPOIiUSAkRJXWcsMLTGyME+vO2A5JxYv4Gn8gEImKLVY728zzBcsU4cjRYmuoc5Qah8H3dlo4cOwungds+YwNU2JvUJpBsjb1jJKzgTlFCQsBK0ON5+TIZliLVt1V5RXZ6pTj9B0ElE7f4AGFmMxZxfyFMcLm2uvE9PP8FcAYQoZyt//U9g2x7FGevgAAAA==[0m[Pipeline] // withAWS
[8mha:////4EgSxZ3bTM57D6gmY1BKgCH/0hih5wvc5tu9lkykOufaAAAApR+LCAAAAAAAAP9tjTEOwjAQBC9BFLSUPOIiGiSEqNJabniBiY1xYt0Z2yGpeBFf4w8EIlGxxWpnm3m+YJkiHDlabA11jlLjMPjeTgsHjt3F84Atn7FhSuwNSjNI1qaeUXI2MKcoYSFgZajxnBzZDGvRqruqvCJbnXKcvoOA0ukbPKAQkzmrmL8wRthce52Yfp6/AhhDyFDu9p/avgGubgTMvgAAAA==[0m[Pipeline] }
[8mha:////4D3q/I2foPANoqhzZNZBJb6Wyk5fxVToR7GjMGa/M9XiAAAApB+LCAAAAAAAAP9tjTEOwjAQBC9BFLSUPOKSCgpEldZKwwtMbIwT687YDknFi/gaf8AiEhVbrHa2mdcb1jHAiYPBXtNgKXYWvRtNXjhxGK6OJ+z5gh1TZKex1VPLSjcLtpw0LClKWAnYaOocR0smwVb08iErJ8lU5xTydxRQWnWHJxQim5MM6QtzgN1tVJHp5/krgNn7BOWhzrWvP0QEezq+AAAA[0m[Pipeline] // script
[8mha:////4KNG0E9+JaL4rcyTTgrd4PfVO8ILdv2n03PJpIW8SncMAAAAph+LCAAAAAAAAP9tjTEOwjAQBC9BFLSUPOIiCoQQSkVrueEFJjHGiXUXbAen4kV8jT9gEYmKLVY728zrDcvgoWZvsNPUWwqNxcGNJi9M7Pur44QdX7BhCuw0Sp0kt/o0o+SoYU5RwkLASlPjOFgyEdaiUw9VOUWmOkefv6OA0rZ3eEIhsjkqH78wedjcxjYw/Tx/BTANQ4Ryv821O3wAhjzWo74AAAA=[0m[Pipeline] }
[8mha:////4GdojpL0hmrYd+K5Pbl53qHCqT0N0vWvcfcmYrsIRsdDAAAAph+LCAAAAAAAAP9tjTEOwjAQBC9BFLSUPOIiISGQUCpayw0vMIkxTqy7YDs4FS/ia/wBi0hUbLHa2WZeb1gGDzV7g52m3lJoLA5uNHlhYt9fHSfs+IINU2CnUeokudWnGSVHDXOKEhYCVpoax8GSibAWnXqoyiky1Tn6/B0FlLa9wxMKkc1R+fiFycPmNraB6ef5K4BpGCKU+22u3eEDvn5FUr4AAAA=[0m[Pipeline] // stage
[8mha:////4ISldkoKSSqcwdXzJ7ZQM6SCwCPNKZLLzi8Dd2LXXjA/AAAApR+LCAAAAAAAAP9tjTEOwjAQBC9BFLSUPMIRSkGBqNJaaXiBiQ/jxLoztkNS8SK+xh+wiETFFqudbeb1hnUMcOJgRI80WIqdFd6NJi8xcRiujifR80V0TJEdihanljU2C7acEJYUJawkbJA6x9GSSbCVvXqoyiky1TmF/B0llFbf4QmFzOakQvrCHGB3G3Vk+nn+CmD2PkF5qHPt6w+XsadqvgAAAA==[0m[Pipeline] }
[8mha:////4LCJzR6G2uCdtUAfaCaG2lgI7ju0NE2pVvxlyI+g8ibDAAAAph+LCAAAAAAAAP9tjTEOwjAQBC9BFLSUPOIiEBIFSkVrueEFJjHGiXUXbAen4kV8jT9gEYmKLVY728zrDcvgoWZvsNPUWwqNxcGNJi9M7Pur44QdX7BhCuw0Sp0kt/o0o+SoYU5RwkLASlPjOFgyEdaiUw9VOUWmOkefv6OA0rZ3eEIhsjkqH78wedjcxjYw/Tx/BTANQ4TysM+13X0AubGlAL4AAAA=[0m[Pipeline] // withEnv
[8mha:////4DU3qa0FiNrCtAlDNE6oZeM8oiAn5OUJV0McB5k9xo3iAAAApR+LCAAAAAAAAP9tjTEOwjAQBC9BFLSUPOKiFIgCUaW10vACExvjxLoztkNS8SK+xh+wiETFFqudbeb1hnUMcOJgsNc0WIqdRe9GkxdOHIar4wl7vmDHFNlpbPXUstLNgi0nDUuKElYCNpo6x9GSSbAVvXzIykky1TmF/B0FlFbd4QmFyOYkQ/rCHGB3G1Vk+nn+CmD2PkF52Oeq6w+mM/BSvgAAAA==[0m[Pipeline] }
[8mha:////4KyVmwPVIDMQadQ46iGZCDiyT4UJqv8fcyL7j9dbeeIxAAAApR+LCAAAAAAAAP9tjTEOwjAQBC9BFLSUPOICDRQoFa3lhheYxBgn1l2wHZyKF/E1/oBFJCq2WO1sM683LIOHmr3BTlNvKTQWBzeavDCx76+OE3Z8wYYpsNModZLc6tOMkqOGOUUJCwErTY3jYMlEWItOPVTlFJnqHH3+jgJK297hCYXI5qh8/MLkYXMb28D08/wVwDQMEcrDPtdu+wGecWOjvgAAAA==[0m[Pipeline] // withEnv
[8mha:////4PFOwNMwmdBJJrjcQajSzb+0AwDpLRFJ4aVb5zJ918o+AAAAox+LCAAAAAAAAP9tjbEOgjAURS8YB1dHP6IsJgzGybVh8Qsq1Fpo3sP2IUx+kb/mP0gkcfJO95zlvN5Yp4gjR6daS52nVHvVh8HNT40cu2vgUbV8UTVT4mBVZceKG3tasGKxWJblWGlsLNWBkycn2OrWPEwRDLniLHF2B43cN3c8kem5LCbKF6aI3W1oEtOv8zeAqe8FeVkKsv0HiBQ8tr0AAAA=[0m[Pipeline] }
[8mha:////4BrmAfFyjUbqnmIfKGG0tn49/FWdCm65uOOhbXe1jOd9AAAApB+LCAAAAAAAAP9tjTEOwjAQBDdBFLSUPMIpKEBCVLRWGl5gEmOcWHfBvpBUvIiv8QciIlGx1c4083pjmSKOHJ1qLLWeUuVVF3o3PTVwbK+BB9XwRVVMiYNVpR1Kru1pxpLFYl6WY6GxslQFTp6cYK0b8zBFMOSKs8TJHTRyX9/xRKanspgoXxgjNre+Tky/zt8Axq4T5Lu9INt+APoWCKq9AAAA[0m[Pipeline] // node
[8mha:////4Aqdq5Qte3B9k47KmrmAPobcbMszG26hRDFajRBWTIleAAAApB+LCAAAAAAAAP9tjTEOwjAQBDdBFLSUPMKRaBBCVLRWGl5gEmOcWHfBvpBUvIiv8QciIlGx1c4083pjmSKOHJ1qLLWeUuVVF3o3PTVwbK+BB9XwRVVMiYNVpR1Kru1pxpLFYl6WY6GxslQFTp6cYK0b8zBFMOSKs8TJHTRyX9/xRKanspgoXxgjNre+Tky/zt8Axq4T5Lu9INt+ANwPb+C9AAAA[0m[Pipeline] End of Pipeline
Finished: SUCCESS
